netcdf created in superfloat
____________________________________________
total numer of profiles to generate 
314
____________________________________________
generating profiles SR1902605_032
Processed profile #: 1/314
generating profiles SR1902605_037
Processed profile #: 2/314
generating profiles SR5906990_015
Processed profile #: 3/314
generating profiles SR6903090_058
Processed profile #: 4/314
generating profiles SR6903090_027
Processed profile #: 5/314
generating profiles SD6903822_069
Processed profile #: 6/314
generating profiles SR6990528_067
Processed profile #: 7/314
generating profiles SR1902605_036
Processed profile #: 8/314
generating profiles SR6903090_070
Processed profile #: 9/314
generating profiles SR6903090_067
Processed profile #: 10/314
generating profiles SR6903090_041
Processed profile #: 11/314
generating profiles SR6903090_029
Processed profile #: 12/314
generating profiles SR6903090_040
Processed profile #: 13/314
generating profiles SD6903804_119
Processed profile #: 14/314
generating profiles SR6903090_069
Processed profile #: 15/314
generating profiles SR1902605_015
Processed profile #: 16/314
generating profiles SR5906990_004
Processed profile #: 17/314
generating profiles SR1902605_021
Processed profile #: 18/314
generating profiles SR1902605_055
Processed profile #: 19/314
generating profiles SR6903090_018
Processed profile #: 20/314
generating profiles SR3902500_022
Processed profile #: 21/314
generating profiles SR2903795_048
Processed profile #: 22/314
generating profiles SR6903090_033
Processed profile #: 23/314
generating profiles SR1902605_058
Processed profile #: 24/314
generating profiles SR6903090_072
Processed profile #: 25/314
generating profiles SR2903795_027
Processed profile #: 26/314
generating profiles SR3902500_025
Processed profile #: 27/314
generating profiles SR5906990_002
Processed profile #: 28/314
generating profiles SR6990528_057
Processed profile #: 29/314
generating profiles SR6990528_050
Processed profile #: 30/314
generating profiles SR3902500_003
Processed profile #: 31/314
generating profiles SR2903795_074
Processed profile #: 32/314
generating profiles SR2903795_079
Processed profile #: 33/314
generating profiles SR6903090_044
Processed profile #: 34/314
generating profiles SR6903090_024
Processed profile #: 35/314
generating profiles SR1902605_016
Processed profile #: 36/314
generating profiles SR6990528_023
Processed profile #: 37/314
generating profiles SR2903795_064
Processed profile #: 38/314
generating profiles SD6903266_445
Processed profile #: 39/314
generating profiles SR3902500_001
Processed profile #: 40/314
generating profiles SR6990528_036
Processed profile #: 41/314
generating profiles SR6990528_064
Processed profile #: 42/314
generating profiles SR3902500_009
Processed profile #: 43/314
generating profiles SR6903090_032
Processed profile #: 44/314
generating profiles SR2903795_070
Processed profile #: 45/314
generating profiles SR6903090_023
Processed profile #: 46/314
generating profiles SR6903090_020
Processed profile #: 47/314
generating profiles SR2903795_053
Processed profile #: 48/314
generating profiles SR6990528_020
Processed profile #: 49/314
generating profiles SR3902500_036
Processed profile #: 50/314
generating profiles SR1902605_011
Processed profile #: 51/314
generating profiles SR1902605_024
Processed profile #: 52/314
generating profiles SR1902605_028
Processed profile #: 53/314
generating profiles SR6990528_016
Processed profile #: 54/314
generating profiles SR6990528_044
Processed profile #: 55/314
generating profiles SR1902605_040
Processed profile #: 56/314
generating profiles SR6990528_052
Processed profile #: 57/314
generating profiles SR6990528_037
Processed profile #: 58/314
generating profiles SR2903795_054
Processed profile #: 59/314
generating profiles SD6903266_444
Processed profile #: 60/314
generating profiles SD6903068_144
Processed profile #: 61/314
generating profiles SR6990528_059
Processed profile #: 62/314
generating profiles SR6990528_041
Processed profile #: 63/314
generating profiles SR2903795_065
Processed profile #: 64/314
generating profiles SR1902605_013
Processed profile #: 65/314
generating profiles SR1902605_051
Processed profile #: 66/314
generating profiles SR6903799_169
Processed profile #: 67/314
generating profiles SR6903090_039
Processed profile #: 68/314
generating profiles SR3902500_034
Processed profile #: 69/314
generating profiles SD6902937_285
Processed profile #: 70/314
generating profiles SR6903090_042
Processed profile #: 71/314
generating profiles SR6990528_060
Processed profile #: 72/314
generating profiles SR2903795_042
Processed profile #: 73/314
generating profiles SR6903090_052
Processed profile #: 74/314
generating profiles SR1902605_046
Processed profile #: 75/314
generating profiles SR3902500_004
Processed profile #: 76/314
generating profiles SR6990528_053
Processed profile #: 77/314
generating profiles SR1902605_039
Processed profile #: 78/314
generating profiles SR6990528_013
Processed profile #: 79/314
generating profiles SR5906990_006
Processed profile #: 80/314
generating profiles SR1902605_049
Processed profile #: 81/314
generating profiles SR2903795_067
Processed profile #: 82/314
generating profiles SR3902500_016
Processed profile #: 83/314
generating profiles SR6990528_017
Processed profile #: 84/314
generating profiles SR6903090_034
Processed profile #: 85/314
generating profiles SR1902605_009
Processed profile #: 86/314
generating profiles SR3902500_033
Processed profile #: 87/314
generating profiles SR2903795_077
Processed profile #: 88/314
generating profiles SR1902605_030
Processed profile #: 89/314
generating profiles SR6990528_014
Processed profile #: 90/314
generating profiles SR5906990_012
Processed profile #: 91/314
generating profiles SR6990528_063
Processed profile #: 92/314
generating profiles SR5906990_003
Processed profile #: 93/314
generating profiles SR6990528_035
Processed profile #: 94/314
generating profiles SR6903090_038
Processed profile #: 95/314
generating profiles SR6990528_065
Processed profile #: 96/314
generating profiles SR2903795_058
Processed profile #: 97/314
generating profiles SR6990528_058
Processed profile #: 98/314
generating profiles SD6903068_142
Processed profile #: 99/314
generating profiles SR2903795_059
Processed profile #: 100/314
generating profiles SR6903090_047
Processed profile #: 101/314
generating profiles SR3902500_024
Processed profile #: 102/314
generating profiles SR3902500_030
Processed profile #: 103/314
generating profiles SR3902500_023
Processed profile #: 104/314
generating profiles SR6903090_031
Processed profile #: 105/314
generating profiles SR6903090_045
Processed profile #: 106/314
generating profiles SR2903795_049
Processed profile #: 107/314
generating profiles SR6990528_022
Processed profile #: 108/314
generating profiles SR1902605_019
Processed profile #: 109/314
generating profiles SR2903795_029
Processed profile #: 110/314
generating profiles SR1902605_056
Processed profile #: 111/314
generating profiles SR6903090_025
Processed profile #: 112/314
generating profiles SR5906990_007
Processed profile #: 113/314
generating profiles SR2903795_026
Processed profile #: 114/314
generating profiles SR6990528_038
Processed profile #: 115/314
generating profiles SR3902500_035
Processed profile #: 116/314
generating profiles SR6990528_043
Processed profile #: 117/314
generating profiles SR3902500_002
Processed profile #: 118/314
generating profiles SR3902500_019
Processed profile #: 119/314
generating profiles SR2903795_045
Processed profile #: 120/314
generating profiles SR6903090_053
Processed profile #: 121/314
generating profiles SD6903262_311
Processed profile #: 122/314
generating profiles SR5906990_005
Processed profile #: 123/314
generating profiles SR5906990_014
Processed profile #: 124/314
generating profiles SR1902605_048
Processed profile #: 125/314
generating profiles SR2903795_072
Processed profile #: 126/314
generating profiles SR5906990_023
Processed profile #: 127/314
generating profiles SD6903765_260
Processed profile #: 128/314
generating profiles SR2903795_047
Processed profile #: 129/314
generating profiles SR6903090_068
Processed profile #: 130/314
generating profiles SR2903795_044
Processed profile #: 131/314
generating profiles SD6903822_068
Processed profile #: 132/314
generating profiles SD6903826_029
Processed profile #: 133/314
generating profiles SR5906990_017
Processed profile #: 134/314
generating profiles SR1902605_035
Processed profile #: 135/314
generating profiles SR1902605_033
Processed profile #: 136/314
generating profiles SR6990528_027
Processed profile #: 137/314
generating profiles SR6990528_019
Processed profile #: 138/314
generating profiles SR6990528_024
Processed profile #: 139/314
generating profiles SR5906990_016
Processed profile #: 140/314
generating profiles SR5906990_016
Processed profile #: 141/314
generating profiles SR6903090_055
Processed profile #: 142/314
generating profiles SR6903090_028
Processed profile #: 143/314
generating profiles SR3902500_032
Processed profile #: 144/314
generating profiles SD6903823_042
Processed profile #: 145/314
generating profiles SR6990528_042
Processed profile #: 146/314
generating profiles SR2903795_051
Processed profile #: 147/314
generating profiles SR3902500_031
Processed profile #: 148/314
generating profiles SR6990528_034
Processed profile #: 149/314
generating profiles SR1902605_057
Processed profile #: 150/314
generating profiles SR2903795_050
Processed profile #: 151/314
generating profiles SR6903090_066
Processed profile #: 152/314
generating profiles SR1902605_044
Processed profile #: 153/314
generating profiles SR6903090_061
Processed profile #: 154/314
generating profiles SR2903795_043
Processed profile #: 155/314
generating profiles SR6990528_032
Processed profile #: 156/314
generating profiles SR6903090_060
Processed profile #: 157/314
generating profiles SR6990528_033
Processed profile #: 158/314
generating profiles SR6990528_029
Processed profile #: 159/314
generating profiles SD6903818_235
Processed profile #: 160/314
generating profiles SR3902500_014
Processed profile #: 161/314
generating profiles SR3902500_012
Processed profile #: 162/314
generating profiles SR6903090_065
Processed profile #: 163/314
generating profiles SR1902605_022
Processed profile #: 164/314
generating profiles SR6990528_056
Processed profile #: 165/314
generating profiles SR1902605_031
Processed profile #: 166/314
generating profiles SR1902605_018
Processed profile #: 167/314
generating profiles SR3902500_027
Processed profile #: 168/314
generating profiles SD6903262_312
Processed profile #: 169/314
generating profiles SR6990528_026
Processed profile #: 170/314
generating profiles SR2903795_033
Processed profile #: 171/314
generating profiles SR2903795_060
Processed profile #: 172/314
generating profiles SR1902605_010
Processed profile #: 173/314
generating profiles SR2903795_076
Processed profile #: 174/314
generating profiles SR6903090_062
Processed profile #: 175/314
generating profiles SR2903795_039
Processed profile #: 176/314
generating profiles SR6903090_030
Processed profile #: 177/314
generating profiles SD6903818_234
Processed profile #: 178/314
generating profiles SR6990528_025
Processed profile #: 179/314
generating profiles SR6990528_040
Processed profile #: 180/314
generating profiles SR6990528_068
Processed profile #: 181/314
generating profiles SR1902605_020
Processed profile #: 182/314
generating profiles SR1902605_041
Processed profile #: 183/314
generating profiles SR3902500_007
Processed profile #: 184/314
generating profiles SR1902605_023
Processed profile #: 185/314
generating profiles SR6903090_064
Processed profile #: 186/314
generating profiles SR6903090_051
Processed profile #: 187/314
generating profiles SR1902605_006
Processed profile #: 188/314
generating profiles SR1902605_005
Processed profile #: 189/314
generating profiles SR3902500_018
Processed profile #: 190/314
generating profiles SR2903795_055
Processed profile #: 191/314
generating profiles SR6990528_047
Processed profile #: 192/314
generating profiles SR6903090_022
Processed profile #: 193/314
generating profiles SR2903795_030
Processed profile #: 194/314
generating profiles SR2903795_063
Processed profile #: 195/314
generating profiles SR6990528_030
Processed profile #: 196/314
generating profiles SR6990528_062
Processed profile #: 197/314
generating profiles SR6903090_048
Processed profile #: 198/314
generating profiles SR6990528_015
Processed profile #: 199/314
generating profiles SR5906990_022
Processed profile #: 200/314
generating profiles SR1902605_047
Processed profile #: 201/314
generating profiles SR2903795_025
Processed profile #: 202/314
generating profiles SR6990528_054
Processed profile #: 203/314
generating profiles SR2903795_061
Processed profile #: 204/314
generating profiles SR6903804_121
Processed profile #: 205/314
generating profiles SD6903826_030
Processed profile #: 206/314
generating profiles SD6903803_120
Processed profile #: 207/314
generating profiles SR3902500_011
Processed profile #: 208/314
generating profiles SR6903090_073
Processed profile #: 209/314
generating profiles SR6903090_049
Processed profile #: 210/314
generating profiles SR3902500_015
Processed profile #: 211/314
generating profiles SR5906990_019
Processed profile #: 212/314
generating profiles SR2903795_073
Processed profile #: 213/314
generating profiles SD6903818_236
Processed profile #: 214/314
generating profiles SR6990528_018
Processed profile #: 215/314
generating profiles SR6990528_039
Processed profile #: 216/314
generating profiles SR6990528_048
Processed profile #: 217/314
generating profiles SD6902937_287
Processed profile #: 218/314
generating profiles SD6903823_040
Processed profile #: 219/314
generating profiles SR6990528_046
Processed profile #: 220/314
generating profiles SD6903803_118
Processed profile #: 221/314
generating profiles SR6903090_050
Processed profile #: 222/314
generating profiles SR2903795_037
Processed profile #: 223/314
generating profiles SR2903795_036
Processed profile #: 224/314
generating profiles SR3902500_020
Processed profile #: 225/314
generating profiles SR2903795_071
Processed profile #: 226/314
generating profiles SR6903090_056
Processed profile #: 227/314
generating profiles SR1902605_026
Processed profile #: 228/314
generating profiles SR5906990_025
Processed profile #: 229/314
generating profiles SR1902605_017
Processed profile #: 230/314
generating profiles SR2903795_057
Processed profile #: 231/314
generating profiles SR1902605_029
Processed profile #: 232/314
generating profiles SR2903795_056
Processed profile #: 233/314
generating profiles SR1902605_045
Processed profile #: 234/314
generating profiles SD6903826_031
Processed profile #: 235/314
generating profiles SR3902500_010
Processed profile #: 236/314
generating profiles SR6990528_031
Processed profile #: 237/314
generating profiles SR1902605_050
Processed profile #: 238/314
generating profiles SR5906990_026
Processed profile #: 239/314
generating profiles SR2903795_031
Processed profile #: 240/314
generating profiles SD6903804_120
Processed profile #: 241/314
generating profiles SR5906990_010
Processed profile #: 242/314
generating profiles SR2903795_038
Processed profile #: 243/314
generating profiles SR1902605_053
Processed profile #: 244/314
generating profiles SR3902500_029
Processed profile #: 245/314
generating profiles SR1902605_038
Processed profile #: 246/314
generating profiles SR2903795_046
Processed profile #: 247/314
generating profiles SR6903090_035
Processed profile #: 248/314
generating profiles SR3902500_021
Processed profile #: 249/314
generating profiles SR5906990_001
Processed profile #: 250/314
generating profiles SR1902605_052
Processed profile #: 251/314
generating profiles SR2903795_034
Processed profile #: 252/314
generating profiles SR6903090_037
Processed profile #: 253/314
generating profiles SR6990528_051
Processed profile #: 254/314
generating profiles SR6903090_043
Processed profile #: 255/314
generating profiles SR2903795_080
Processed profile #: 256/314
generating profiles SR2903795_052
Processed profile #: 257/314
generating profiles SR6903090_046
Processed profile #: 258/314
generating profiles SR5906990_027
Processed profile #: 259/314
generating profiles SR3902500_028
Processed profile #: 260/314
generating profiles SR2903795_028
Processed profile #: 261/314
generating profiles SD6903068_143
Processed profile #: 262/314
generating profiles SR1902605_004
Processed profile #: 263/314
generating profiles SR3902500_008
Processed profile #: 264/314
generating profiles SR5906990_008
Processed profile #: 265/314
generating profiles SR6903090_036
Processed profile #: 266/314
generating profiles SR5906990_013
Processed profile #: 267/314
generating profiles SR2903795_035
Processed profile #: 268/314
generating profiles SR1902605_027
Processed profile #: 269/314
generating profiles SR6903090_019
Processed profile #: 270/314
generating profiles SR1902605_034
Processed profile #: 271/314
generating profiles SR6903090_026
Processed profile #: 272/314
generating profiles SR1902605_043
Processed profile #: 273/314
generating profiles SR6903090_057
Processed profile #: 274/314
generating profiles SR6990528_049
Processed profile #: 275/314
generating profiles SD6903803_119
Processed profile #: 276/314
generating profiles SR1902605_042
Processed profile #: 277/314
generating profiles SR2903795_062
Processed profile #: 278/314
generating profiles SR2903795_069
Processed profile #: 279/314
generating profiles SR6990528_066
Processed profile #: 280/314
generating profiles SR2903795_066
Processed profile #: 281/314
generating profiles SR3902500_026
Processed profile #: 282/314
generating profiles SR6990528_055
Processed profile #: 283/314
generating profiles SR2903795_040
Processed profile #: 284/314
generating profiles SR5906990_018
Processed profile #: 285/314
generating profiles SR6903090_054
Processed profile #: 286/314
generating profiles SR1902605_008
Processed profile #: 287/314
generating profiles SR3902500_005
Processed profile #: 288/314
generating profiles SD6903765_261
Processed profile #: 289/314
generating profiles SD6902937_286
Processed profile #: 290/314
generating profiles SR2903795_078
Processed profile #: 291/314
generating profiles SR6990528_045
Processed profile #: 292/314
generating profiles SR5906990_011
Processed profile #: 293/314
generating profiles SR1902605_054
Processed profile #: 294/314
generating profiles SR1902605_025
Processed profile #: 295/314
generating profiles SR6903090_059
Processed profile #: 296/314
generating profiles SR1902605_012
Processed profile #: 297/314
generating profiles SR6903799_171
Processed profile #: 298/314
generating profiles SR2903795_068
Processed profile #: 299/314
generating profiles SR6903090_063
Processed profile #: 300/314
generating profiles SR2903795_041
Processed profile #: 301/314
generating profiles SR5906990_009
Processed profile #: 302/314
generating profiles SR1902605_014
Processed profile #: 303/314
generating profiles SR2903795_075
Processed profile #: 304/314
generating profiles SR3902500_037
Processed profile #: 305/314
generating profiles SR3902500_013
Processed profile #: 306/314
generating profiles SR6990528_021
Processed profile #: 307/314
generating profiles SR6903090_071
Processed profile #: 308/314
generating profiles SR6903090_021
Processed profile #: 309/314
generating profiles SR3902500_006
Processed profile #: 310/314
generating profiles SR2903795_032
Processed profile #: 311/314
generating profiles SR6990528_028
Processed profile #: 312/314
generating profiles SR3902500_017
Processed profile #: 313/314
generating profiles SR6990528_061
Processed profile #: 314/314
Thu Feb 15 17:49:47 CET 2024
