netcdf created in superfloat
____________________________________________
total numer of profiles to generate 
627
____________________________________________
generating profiles SD6903818_237
Processed profile #: 1/627
generating profiles SR2903795_112
Processed profile #: 2/627
generating profiles SR1902605_088
Processed profile #: 3/627
generating profiles SR2903795_138
Processed profile #: 4/627
generating profiles SR6903090_124
Processed profile #: 5/627
generating profiles SR1902605_097
Processed profile #: 6/627
generating profiles SD6903765_322
Processed profile #: 7/627
generating profiles SR1902605_091
Processed profile #: 8/627
generating profiles SR3902500_048
Processed profile #: 9/627
generating profiles SR6990528_046
Processed profile #: 10/627
generating profiles SR1902605_005
Processed profile #: 11/627
generating profiles SD6903262_312
Processed profile #: 12/627
generating profiles SR3902500_023
Processed profile #: 13/627
generating profiles SR6903090_083
Processed profile #: 14/627
generating profiles SR1902605_019
Processed profile #: 15/627
generating profiles SR3902500_024
Processed profile #: 16/627
generating profiles SR1902605_014
Processed profile #: 17/627
generating profiles SR1902605_016
Processed profile #: 18/627
generating profiles SR1902605_066
Processed profile #: 19/627
generating profiles SR1902605_066
Processed profile #: 20/627
generating profiles SD6903765_300
Processed profile #: 21/627
generating profiles SR2903795_028
Processed profile #: 22/627
generating profiles SR5906990_001
Processed profile #: 23/627
generating profiles SR3902500_095
Processed profile #: 24/627
generating profiles SR6903090_019
Processed profile #: 25/627
generating profiles SR3902500_060
Processed profile #: 26/627
generating profiles SR2903795_137
Processed profile #: 27/627
generating profiles SR6903090_038
Processed profile #: 28/627
generating profiles SR6990528_066
Processed profile #: 29/627
generating profiles SR3902500_097
Processed profile #: 30/627
generating profiles SD6903262_313
Processed profile #: 31/627
generating profiles SR6903090_081
Processed profile #: 32/627
generating profiles SD6903765_320
Processed profile #: 33/627
generating profiles SR6990528_067
Processed profile #: 34/627
generating profiles SR5906990_026
Processed profile #: 35/627
generating profiles SR2903795_045
Processed profile #: 36/627
generating profiles SR5906990_022
Processed profile #: 37/627
generating profiles SD6903765_296
Processed profile #: 38/627
generating profiles SR6903090_119
Processed profile #: 39/627
generating profiles SR2903795_134
Processed profile #: 40/627
generating profiles SR3902500_017
Processed profile #: 41/627
generating profiles SR6990528_063
Processed profile #: 42/627
generating profiles SR2903795_089
Processed profile #: 43/627
generating profiles SR1902605_049
Processed profile #: 44/627
generating profiles SR3902500_001
Processed profile #: 45/627
generating profiles SR2903795_109
Processed profile #: 46/627
generating profiles SR1902605_078
Processed profile #: 47/627
generating profiles SR2903795_046
Processed profile #: 48/627
generating profiles SD6903765_308
Processed profile #: 49/627
generating profiles SR3902500_008
Processed profile #: 50/627
generating profiles SR6990528_041
Processed profile #: 51/627
generating profiles SD6903765_304
Processed profile #: 52/627
generating profiles SR6990528_045
Processed profile #: 53/627
generating profiles SR2903795_056
Processed profile #: 54/627
generating profiles SR1902605_046
Processed profile #: 55/627
generating profiles SR3902500_041
Processed profile #: 56/627
generating profiles SD6903765_267
Processed profile #: 57/627
generating profiles SR2903795_111
Processed profile #: 58/627
generating profiles SR2903795_050
Processed profile #: 59/627
generating profiles SD6903765_281
Processed profile #: 60/627
generating profiles SD6903823_045
Processed profile #: 61/627
generating profiles SR6903090_104
Processed profile #: 62/627
generating profiles SR1902605_096
Processed profile #: 63/627
generating profiles SR6990528_062
Processed profile #: 64/627
generating profiles SR1902605_031
Processed profile #: 65/627
generating profiles SR3902500_026
Processed profile #: 66/627
generating profiles SD6903765_314
Processed profile #: 67/627
generating profiles SD6903822_070
Processed profile #: 68/627
generating profiles SR6990528_057
Processed profile #: 69/627
generating profiles SR1902605_051
Processed profile #: 70/627
generating profiles SR2903795_031
Processed profile #: 71/627
generating profiles SR5906990_030
Processed profile #: 72/627
generating profiles SR2903795_117
Processed profile #: 73/627
generating profiles SR2903795_048
Processed profile #: 74/627
generating profiles SR1902605_099
Processed profile #: 75/627
generating profiles SR6990528_053
Processed profile #: 76/627
generating profiles SR6903090_029
Processed profile #: 77/627
generating profiles SR2903795_063
Processed profile #: 78/627
generating profiles SR2903795_075
Processed profile #: 79/627
generating profiles SR6990528_049
Processed profile #: 80/627
generating profiles SR6903090_071
Processed profile #: 81/627
generating profiles SD6903765_286
Processed profile #: 82/627
generating profiles SR6990528_069
Processed profile #: 83/627
generating profiles SR6903090_113
Processed profile #: 84/627
generating profiles SD6903822_071
Processed profile #: 85/627
generating profiles SR1902605_075
Processed profile #: 86/627
generating profiles SR2903795_060
Processed profile #: 87/627
generating profiles SR6903090_112
Processed profile #: 88/627
generating profiles SR6990528_051
Processed profile #: 89/627
generating profiles SR2903795_049
Processed profile #: 90/627
generating profiles SR1902605_082
Processed profile #: 91/627
generating profiles SD6903765_315
Processed profile #: 92/627
generating profiles SR3902500_066
Processed profile #: 93/627
generating profiles SR5906990_007
Processed profile #: 94/627
generating profiles SR2903795_070
Processed profile #: 95/627
generating profiles SR6903090_041
Processed profile #: 96/627
generating profiles SR6990528_028
Processed profile #: 97/627
generating profiles SR6903090_076
Processed profile #: 98/627
generating profiles SR2903795_044
Processed profile #: 99/627
generating profiles SR6903090_096
Processed profile #: 100/627
generating profiles SR2903795_038
Processed profile #: 101/627
generating profiles SR6903090_126
Processed profile #: 102/627
generating profiles SR1902605_060
Processed profile #: 103/627
generating profiles SD6902937_287
Processed profile #: 104/627
generating profiles SR6990528_059
Processed profile #: 105/627
generating profiles SR2903795_128
Processed profile #: 106/627
generating profiles SD6903765_278
Processed profile #: 107/627
generating profiles SR6903090_086
Processed profile #: 108/627
generating profiles SR6990528_073
Processed profile #: 109/627
generating profiles SR2903795_077
Processed profile #: 110/627
generating profiles SR1902605_084
Processed profile #: 111/627
generating profiles SR6903090_080
Processed profile #: 112/627
generating profiles SD6903765_276
Processed profile #: 113/627
generating profiles SR3902500_027
Processed profile #: 114/627
generating profiles SR6903799_171
Processed profile #: 115/627
generating profiles SR6903090_128
Processed profile #: 116/627
generating profiles SR5906990_013
Processed profile #: 117/627
generating profiles SR6903823_043
Processed profile #: 118/627
generating profiles SD6902937_285
Processed profile #: 119/627
generating profiles SR1902605_040
Processed profile #: 120/627
generating profiles SR2903795_042
Processed profile #: 121/627
generating profiles SR6903090_109
Processed profile #: 122/627
generating profiles SD6903765_272
Processed profile #: 123/627
generating profiles SR3902500_083
Processed profile #: 124/627
generating profiles SR6990528_037
Processed profile #: 125/627
generating profiles SR6903090_121
Processed profile #: 126/627
generating profiles SR1902605_041
Processed profile #: 127/627
generating profiles SR6903090_025
Processed profile #: 128/627
generating profiles SR6903090_087
Processed profile #: 129/627
generating profiles SR2903795_082
Processed profile #: 130/627
generating profiles SR6990528_025
Processed profile #: 131/627
generating profiles SR2903795_093
Processed profile #: 132/627
generating profiles SR2903795_083
Processed profile #: 133/627
generating profiles SR2903795_027
Processed profile #: 134/627
generating profiles SR2903795_131
Processed profile #: 135/627
generating profiles SR1902605_006
Processed profile #: 136/627
generating profiles SR6903090_061
Processed profile #: 137/627
generating profiles SR2903795_104
Processed profile #: 138/627
generating profiles SR6990528_023
Processed profile #: 139/627
generating profiles SR3902500_005
Processed profile #: 140/627
generating profiles SR3902500_058
Processed profile #: 141/627
generating profiles SR3902500_088
Processed profile #: 142/627
generating profiles SR3902500_092
Processed profile #: 143/627
generating profiles SR6903090_073
Processed profile #: 144/627
generating profiles SR5906990_023
Processed profile #: 145/627
generating profiles SR3902500_094
Processed profile #: 146/627
generating profiles SR3902500_053
Processed profile #: 147/627
generating profiles SR6990528_035
Processed profile #: 148/627
generating profiles SR3902500_002
Processed profile #: 149/627
generating profiles SR3902500_028
Processed profile #: 150/627
generating profiles SR6903090_044
Processed profile #: 151/627
generating profiles SR6903090_063
Processed profile #: 152/627
generating profiles SD6903765_309
Processed profile #: 153/627
generating profiles SR2903795_127
Processed profile #: 154/627
generating profiles SR3902500_062
Processed profile #: 155/627
generating profiles SR1902605_022
Processed profile #: 156/627
generating profiles SR1902605_065
Processed profile #: 157/627
generating profiles SR2903795_136
Processed profile #: 158/627
generating profiles SR6990528_022
Processed profile #: 159/627
generating profiles SR3902500_067
Processed profile #: 160/627
generating profiles SR6903090_050
Processed profile #: 161/627
generating profiles SR6903090_093
Processed profile #: 162/627
generating profiles SR2903795_121
Processed profile #: 163/627
generating profiles SD6903765_301
Processed profile #: 164/627
generating profiles SD6903765_307
Processed profile #: 165/627
generating profiles SR6903090_053
Processed profile #: 166/627
generating profiles SD6903765_266
Processed profile #: 167/627
generating profiles SR6990528_018
Processed profile #: 168/627
generating profiles SR6990528_029
Processed profile #: 169/627
generating profiles SR6903090_040
Processed profile #: 170/627
generating profiles SR2903795_108
Processed profile #: 171/627
generating profiles SR3902500_029
Processed profile #: 172/627
generating profiles SD6903266_446
Processed profile #: 173/627
generating profiles SD6903765_273
Processed profile #: 174/627
generating profiles SR2903795_068
Processed profile #: 175/627
generating profiles SR6903090_021
Processed profile #: 176/627
generating profiles SR3902500_032
Processed profile #: 177/627
generating profiles SR3902500_009
Processed profile #: 178/627
generating profiles SR2903795_094
Processed profile #: 179/627
generating profiles SR6903090_030
Processed profile #: 180/627
generating profiles SR2903795_062
Processed profile #: 181/627
generating profiles SR6903090_046
Processed profile #: 182/627
generating profiles SD6903765_319
Processed profile #: 183/627
generating profiles SR1902605_055
Processed profile #: 184/627
generating profiles SR3902500_065
Processed profile #: 185/627
generating profiles SR2903795_084
Processed profile #: 186/627
generating profiles SR5906990_002
Processed profile #: 187/627
generating profiles SR6903090_048
Processed profile #: 188/627
generating profiles SR5906990_009
Processed profile #: 189/627
generating profiles SD6903826_029
Processed profile #: 190/627
generating profiles SR3902500_021
Processed profile #: 191/627
generating profiles SR3902500_098
Processed profile #: 192/627
generating profiles SD6903765_316
Processed profile #: 193/627
generating profiles SD6903765_295
Processed profile #: 194/627
generating profiles SD6903822_069
Processed profile #: 195/627
generating profiles SD6903266_447
Processed profile #: 196/627
generating profiles SR1902605_068
Processed profile #: 197/627
generating profiles SD6903818_234
Processed profile #: 198/627
generating profiles SR3902500_047
Processed profile #: 199/627
generating profiles SD6903765_271
Processed profile #: 200/627
generating profiles SR1902605_085
Processed profile #: 201/627
generating profiles SR6903090_066
Processed profile #: 202/627
generating profiles SR6903090_047
Processed profile #: 203/627
generating profiles SD6903765_262
Processed profile #: 204/627
generating profiles SR6903823_044
Processed profile #: 205/627
generating profiles SR6903090_070
Processed profile #: 206/627
generating profiles SR6903090_075
Processed profile #: 207/627
generating profiles SR5906990_008
Processed profile #: 208/627
generating profiles SR1902605_044
Processed profile #: 209/627
generating profiles SR2903795_115
Processed profile #: 210/627
generating profiles SR6903090_056
Processed profile #: 211/627
generating profiles SR6903090_114
Processed profile #: 212/627
generating profiles SR3902500_063
Processed profile #: 213/627
generating profiles SR6903090_091
Processed profile #: 214/627
generating profiles SD6903765_306
Processed profile #: 215/627
generating profiles SR6903090_090
Processed profile #: 216/627
generating profiles SR6903090_107
Processed profile #: 217/627
generating profiles SR6990528_020
Processed profile #: 218/627
generating profiles SR6903090_057
Processed profile #: 219/627
generating profiles SR6990528_013
Processed profile #: 220/627
generating profiles SR6990528_050
Processed profile #: 221/627
generating profiles SR5906990_015
Processed profile #: 222/627
generating profiles SD6903765_270
Processed profile #: 223/627
generating profiles SR1902605_024
Processed profile #: 224/627
generating profiles SR2903795_086
Processed profile #: 225/627
generating profiles SR6903090_100
Processed profile #: 226/627
generating profiles SD6903765_312
Processed profile #: 227/627
generating profiles SR2903795_116
Processed profile #: 228/627
generating profiles SD6903765_292
Processed profile #: 229/627
generating profiles SR6903090_084
Processed profile #: 230/627
generating profiles SR2903795_098
Processed profile #: 231/627
generating profiles SR2903795_052
Processed profile #: 232/627
generating profiles SR2903795_132
Processed profile #: 233/627
generating profiles SD6903765_317
Processed profile #: 234/627
generating profiles SR6903090_020
Processed profile #: 235/627
generating profiles SR5906990_004
Processed profile #: 236/627
generating profiles SD6903765_299
Processed profile #: 237/627
generating profiles SR6903090_065
Processed profile #: 238/627
generating profiles SR2903795_030
Processed profile #: 239/627
generating profiles SD6903804_123
Processed profile #: 240/627
generating profiles SR6903090_022
Processed profile #: 241/627
generating profiles SR2903795_113
Processed profile #: 242/627
generating profiles SR6903090_072
Processed profile #: 243/627
generating profiles SR2903795_057
Processed profile #: 244/627
generating profiles SR6903090_110
Processed profile #: 245/627
generating profiles SR3902500_046
Processed profile #: 246/627
generating profiles SD6903765_289
Processed profile #: 247/627
generating profiles SR1902605_021
Processed profile #: 248/627
generating profiles SR1902605_034
Processed profile #: 249/627
generating profiles SR1902605_032
Processed profile #: 250/627
generating profiles SD6903765_263
Processed profile #: 251/627
generating profiles SD6903822_068
Processed profile #: 252/627
generating profiles SR3902500_064
Processed profile #: 253/627
generating profiles SR2903795_033
Processed profile #: 254/627
generating profiles SR2903795_073
Processed profile #: 255/627
generating profiles SR6990528_052
Processed profile #: 256/627
generating profiles SR2903795_039
Processed profile #: 257/627
generating profiles SD6903765_302
Processed profile #: 258/627
generating profiles SR3902500_079
Processed profile #: 259/627
generating profiles SR6903090_116
Processed profile #: 260/627
generating profiles SR3902500_031
Processed profile #: 261/627
generating profiles SD6903765_277
Processed profile #: 262/627
generating profiles SR6990528_014
Processed profile #: 263/627
generating profiles SD6903765_268
Processed profile #: 264/627
generating profiles SR3902500_069
Processed profile #: 265/627
generating profiles SR2903795_051
Processed profile #: 266/627
generating profiles SR3902500_049
Processed profile #: 267/627
generating profiles SR2903795_091
Processed profile #: 268/627
generating profiles SR3902500_080
Processed profile #: 269/627
generating profiles SR6903090_023
Processed profile #: 270/627
generating profiles SR3902500_019
Processed profile #: 271/627
generating profiles SD6903266_445
Processed profile #: 272/627
generating profiles SR5906990_011
Processed profile #: 273/627
generating profiles SR2903795_107
Processed profile #: 274/627
generating profiles SR3902500_071
Processed profile #: 275/627
generating profiles SR6903090_103
Processed profile #: 276/627
generating profiles SR1902605_033
Processed profile #: 277/627
generating profiles SD6903765_275
Processed profile #: 278/627
generating profiles SR6903090_052
Processed profile #: 279/627
generating profiles SR2903795_129
Processed profile #: 280/627
generating profiles SR3902500_052
Processed profile #: 281/627
generating profiles SR6990528_034
Processed profile #: 282/627
generating profiles SR6903090_085
Processed profile #: 283/627
generating profiles SR6903090_079
Processed profile #: 284/627
generating profiles SR6903090_033
Processed profile #: 285/627
generating profiles SR2903795_072
Processed profile #: 286/627
generating profiles SR3902500_045
Processed profile #: 287/627
generating profiles SR6903090_089
Processed profile #: 288/627
generating profiles SR6903090_062
Processed profile #: 289/627
generating profiles SR6903090_051
Processed profile #: 290/627
generating profiles SR6990528_072
Processed profile #: 291/627
generating profiles SR6903090_115
Processed profile #: 292/627
generating profiles SR2903795_139
Processed profile #: 293/627
generating profiles SR6990528_026
Processed profile #: 294/627
generating profiles SR6903090_125
Processed profile #: 295/627
generating profiles SR3902500_055
Processed profile #: 296/627
generating profiles SR1902605_071
Processed profile #: 297/627
generating profiles SR6903090_074
Processed profile #: 298/627
generating profiles SD6903765_293
Processed profile #: 299/627
generating profiles SR2903795_026
Processed profile #: 300/627
generating profiles SR6903090_028
Processed profile #: 301/627
generating profiles SR6903090_092
Processed profile #: 302/627
generating profiles SR6903090_069
Processed profile #: 303/627
generating profiles SD6903818_235
Processed profile #: 304/627
generating profiles SR3902500_038
Processed profile #: 305/627
generating profiles SR6990528_055
Processed profile #: 306/627
generating profiles SR6903090_122
Processed profile #: 307/627
generating profiles SR3902500_042
Processed profile #: 308/627
generating profiles SR1902605_036
Processed profile #: 309/627
generating profiles SR2903795_078
Processed profile #: 310/627
generating profiles SR1902605_074
Processed profile #: 311/627
generating profiles SR3902500_033
Processed profile #: 312/627
generating profiles SR3902500_035
Processed profile #: 313/627
generating profiles SR1902605_064
Processed profile #: 314/627
generating profiles SR3902500_074
Processed profile #: 315/627
generating profiles SD6903765_279
Processed profile #: 316/627
generating profiles SR1902605_047
Processed profile #: 317/627
generating profiles SR6903090_078
Processed profile #: 318/627
generating profiles SR1902605_035
Processed profile #: 319/627
generating profiles SR3902500_015
Processed profile #: 320/627
generating profiles SR1902605_081
Processed profile #: 321/627
generating profiles SD6903262_311
Processed profile #: 322/627
generating profiles SR5906990_003
Processed profile #: 323/627
generating profiles SR3902500_075
Processed profile #: 324/627
generating profiles SR2903795_103
Processed profile #: 325/627
generating profiles SR3902500_084
Processed profile #: 326/627
generating profiles SR2903795_036
Processed profile #: 327/627
generating profiles SR5906990_006
Processed profile #: 328/627
generating profiles SD6903804_122
Processed profile #: 329/627
generating profiles SR3902500_093
Processed profile #: 330/627
generating profiles SD6903803_118
Processed profile #: 331/627
generating profiles SR3902500_006
Processed profile #: 332/627
generating profiles SR6903090_101
Processed profile #: 333/627
generating profiles SR3902500_085
Processed profile #: 334/627
generating profiles SR3902500_044
Processed profile #: 335/627
generating profiles SD6903765_297
Processed profile #: 336/627
generating profiles SR6990528_016
Processed profile #: 337/627
generating profiles SR6903090_035
Processed profile #: 338/627
generating profiles SR3902500_050
Processed profile #: 339/627
generating profiles SR1902605_038
Processed profile #: 340/627
generating profiles SR2903795_135
Processed profile #: 341/627
generating profiles SR6903090_068
Processed profile #: 342/627
generating profiles SR2903795_123
Processed profile #: 343/627
generating profiles SR1902605_017
Processed profile #: 344/627
generating profiles SR5906990_016
Processed profile #: 345/627
generating profiles SR3902500_016
Processed profile #: 346/627
generating profiles SD6903765_290
Processed profile #: 347/627
generating profiles SR6990528_042
Processed profile #: 348/627
generating profiles SR6903090_118
Processed profile #: 349/627
generating profiles SR6903090_031
Processed profile #: 350/627
generating profiles SR2903795_058
Processed profile #: 351/627
generating profiles SR6903090_123
Processed profile #: 352/627
generating profiles SR1902605_023
Processed profile #: 353/627
generating profiles SD6902937_288
Processed profile #: 354/627
generating profiles SR2903795_102
Processed profile #: 355/627
generating profiles SD6903804_120
Processed profile #: 356/627
generating profiles SD6903818_236
Processed profile #: 357/627
generating profiles SR1902605_061
Processed profile #: 358/627
generating profiles SR2903795_105
Processed profile #: 359/627
generating profiles SR6903090_106
Processed profile #: 360/627
generating profiles SD6903266_448
Processed profile #: 361/627
generating profiles SR2903795_099
Processed profile #: 362/627
generating profiles SR6903090_037
Processed profile #: 363/627
generating profiles SR6903804_121
Processed profile #: 364/627
generating profiles SR6990528_044
Processed profile #: 365/627
generating profiles SR6903090_045
Processed profile #: 366/627
generating profiles SR6903090_064
Processed profile #: 367/627
generating profiles SR6990528_065
Processed profile #: 368/627
generating profiles SR1902605_054
Processed profile #: 369/627
generating profiles SD6903765_318
Processed profile #: 370/627
generating profiles SR1902605_011
Processed profile #: 371/627
generating profiles SR1902605_042
Processed profile #: 372/627
generating profiles SR3902500_091
Processed profile #: 373/627
generating profiles SR5906990_027
Processed profile #: 374/627
generating profiles SR6903799_172
Processed profile #: 375/627
generating profiles SR2903795_080
Processed profile #: 376/627
generating profiles SR2903795_124
Processed profile #: 377/627
generating profiles SR2903795_130
Processed profile #: 378/627
generating profiles SR1902605_018
Processed profile #: 379/627
generating profiles SD6903804_124
Processed profile #: 380/627
generating profiles SR2903795_034
Processed profile #: 381/627
generating profiles SD6903826_031
Processed profile #: 382/627
generating profiles SR3902500_030
Processed profile #: 383/627
generating profiles SR3902500_078
Processed profile #: 384/627
generating profiles SD6902937_290
Processed profile #: 385/627
generating profiles SR6903090_059
Processed profile #: 386/627
generating profiles SD6903826_030
Processed profile #: 387/627
generating profiles SR6903090_097
Processed profile #: 388/627
generating profiles SR6990528_047
Processed profile #: 389/627
generating profiles SR6990528_033
Processed profile #: 390/627
generating profiles SR3902500_087
Processed profile #: 391/627
generating profiles SR2903795_140
Processed profile #: 392/627
generating profiles SD6903765_285
Processed profile #: 393/627
generating profiles SR3902500_056
Processed profile #: 394/627
generating profiles SD6903068_145
Processed profile #: 395/627
generating profiles SR1902605_076
Processed profile #: 396/627
generating profiles SR6903090_060
Processed profile #: 397/627
generating profiles SR2903795_133
Processed profile #: 398/627
generating profiles SR1902605_012
Processed profile #: 399/627
generating profiles SR1902605_059
Processed profile #: 400/627
generating profiles SR1902605_077
Processed profile #: 401/627
generating profiles SR3902500_034
Processed profile #: 402/627
generating profiles SR1902605_013
Processed profile #: 403/627
generating profiles SD6903765_261
Processed profile #: 404/627
generating profiles SD6903765_280
Processed profile #: 405/627
generating profiles SR3902500_022
Processed profile #: 406/627
generating profiles SR6903090_049
Processed profile #: 407/627
generating profiles SD6903765_274
Processed profile #: 408/627
generating profiles SR6903090_027
Processed profile #: 409/627
generating profiles SR6903090_102
Processed profile #: 410/627
generating profiles SR1902605_026
Processed profile #: 411/627
generating profiles SR2903795_055
Processed profile #: 412/627
generating profiles SR1902605_025
Processed profile #: 413/627
generating profiles SR2903795_118
Processed profile #: 414/627
generating profiles SR1902605_028
Processed profile #: 415/627
generating profiles SD6903818_239
Processed profile #: 416/627
generating profiles SR6903090_094
Processed profile #: 417/627
generating profiles SR1902605_008
Processed profile #: 418/627
generating profiles SD6903765_282
Processed profile #: 419/627
generating profiles SR2903795_067
Processed profile #: 420/627
generating profiles SR1902605_009
Processed profile #: 421/627
generating profiles SR6990528_040
Processed profile #: 422/627
generating profiles SR1902605_062
Processed profile #: 423/627
generating profiles SR2903795_064
Processed profile #: 424/627
generating profiles SR3902500_061
Processed profile #: 425/627
generating profiles SR6990528_068
Processed profile #: 426/627
generating profiles SR2903795_085
Processed profile #: 427/627
generating profiles SR6990528_056
Processed profile #: 428/627
generating profiles SR1902605_098
Processed profile #: 429/627
generating profiles SR1902605_090
Processed profile #: 430/627
generating profiles SD6902937_286
Processed profile #: 431/627
generating profiles SR1902605_010
Processed profile #: 432/627
generating profiles SR6990528_027
Processed profile #: 433/627
generating profiles SR6990528_021
Processed profile #: 434/627
generating profiles SR2903795_106
Processed profile #: 435/627
generating profiles SR1902605_045
Processed profile #: 436/627
generating profiles SR1902605_086
Processed profile #: 437/627
generating profiles SR6903090_095
Processed profile #: 438/627
generating profiles SR2903795_081
Processed profile #: 439/627
generating profiles SR6990528_015
Processed profile #: 440/627
generating profiles SD6903823_042
Processed profile #: 441/627
generating profiles SD6903765_291
Processed profile #: 442/627
generating profiles SD6903765_303
Processed profile #: 443/627
generating profiles SR3902500_007
Processed profile #: 444/627
generating profiles SR1902605_056
Processed profile #: 445/627
generating profiles SR2903795_069
Processed profile #: 446/627
generating profiles SR5906990_012
Processed profile #: 447/627
generating profiles SD6903803_120
Processed profile #: 448/627
generating profiles SD6903765_305
Processed profile #: 449/627
generating profiles SR1902605_039
Processed profile #: 450/627
generating profiles SR2903795_041
Processed profile #: 451/627
generating profiles SR6990528_017
Processed profile #: 452/627
generating profiles SR2903795_126
Processed profile #: 453/627
generating profiles SR1902605_037
Processed profile #: 454/627
generating profiles SD6903262_315
Processed profile #: 455/627
generating profiles SR6990528_061
Processed profile #: 456/627
generating profiles SD6903804_119
Processed profile #: 457/627
generating profiles SD6903068_144
Processed profile #: 458/627
generating profiles SR3902500_003
Processed profile #: 459/627
generating profiles SR2903795_101
Processed profile #: 460/627
generating profiles SR2903795_090
Processed profile #: 461/627
generating profiles SR2903795_029
Processed profile #: 462/627
generating profiles SR6990528_071
Processed profile #: 463/627
generating profiles SR6990528_070
Processed profile #: 464/627
generating profiles SR3902500_013
Processed profile #: 465/627
generating profiles SR1902605_057
Processed profile #: 466/627
generating profiles SR3902500_043
Processed profile #: 467/627
generating profiles SD6903826_033
Processed profile #: 468/627
generating profiles SR6903799_169
Processed profile #: 469/627
generating profiles SD6903765_264
Processed profile #: 470/627
generating profiles SD6903765_294
Processed profile #: 471/627
generating profiles SR5906990_033
Processed profile #: 472/627
generating profiles SR1902605_004
Processed profile #: 473/627
generating profiles SR6903090_055
Processed profile #: 474/627
generating profiles SR1902605_052
Processed profile #: 475/627
generating profiles SR1902605_094
Processed profile #: 476/627
generating profiles SR2903795_040
Processed profile #: 477/627
generating profiles SR1902605_073
Processed profile #: 478/627
generating profiles SD6903823_040
Processed profile #: 479/627
generating profiles SR2903795_125
Processed profile #: 480/627
generating profiles SD6903803_119
Processed profile #: 481/627
generating profiles SR6990528_048
Processed profile #: 482/627
generating profiles SR2903795_095
Processed profile #: 483/627
generating profiles SR3902500_036
Processed profile #: 484/627
generating profiles SR1902605_067
Processed profile #: 485/627
generating profiles SD6903765_311
Processed profile #: 486/627
generating profiles SR6903826_032
Processed profile #: 487/627
generating profiles SR3902500_081
Processed profile #: 488/627
generating profiles SR2903795_054
Processed profile #: 489/627
generating profiles SR6990528_031
Processed profile #: 490/627
generating profiles SD6903068_143
Processed profile #: 491/627
generating profiles SR2903795_114
Processed profile #: 492/627
generating profiles SR1902605_027
Processed profile #: 493/627
generating profiles SR2903795_119
Processed profile #: 494/627
generating profiles SR1902605_070
Processed profile #: 495/627
generating profiles SR2903795_088
Processed profile #: 496/627
generating profiles SR6990528_060
Processed profile #: 497/627
generating profiles SR1902605_089
Processed profile #: 498/627
generating profiles SR2903795_079
Processed profile #: 499/627
generating profiles SR3902500_010
Processed profile #: 500/627
generating profiles SR5906990_018
Processed profile #: 501/627
generating profiles SR3902500_090
Processed profile #: 502/627
generating profiles SD6903068_147
Processed profile #: 503/627
generating profiles SR6903090_077
Processed profile #: 504/627
generating profiles SR2903795_122
Processed profile #: 505/627
generating profiles SR2903795_110
Processed profile #: 506/627
generating profiles SR2903795_092
Processed profile #: 507/627
generating profiles SR1902605_095
Processed profile #: 508/627
generating profiles SR6903090_111
Processed profile #: 509/627
generating profiles SR6903090_108
Processed profile #: 510/627
generating profiles SR3902500_020
Processed profile #: 511/627
generating profiles SR3902500_059
Processed profile #: 512/627
generating profiles SD6903765_260
Processed profile #: 513/627
generating profiles SR6903799_173
Processed profile #: 514/627
generating profiles SR1902605_072
Processed profile #: 515/627
generating profiles SR1902605_080
Processed profile #: 516/627
generating profiles SR2903795_074
Processed profile #: 517/627
generating profiles SR2903795_043
Processed profile #: 518/627
generating profiles SD6903765_310
Processed profile #: 519/627
generating profiles SR6903090_018
Processed profile #: 520/627
generating profiles SR1902605_058
Processed profile #: 521/627
generating profiles SR3902500_004
Processed profile #: 522/627
generating profiles SR1902605_043
Processed profile #: 523/627
generating profiles SD6902937_289
Processed profile #: 524/627
generating profiles SR5906990_025
Processed profile #: 525/627
generating profiles SR3902500_096
Processed profile #: 526/627
generating profiles SR5906990_010
Processed profile #: 527/627
generating profiles SR2903795_076
Processed profile #: 528/627
generating profiles SD6903826_034
Processed profile #: 529/627
generating profiles SD6903765_287
Processed profile #: 530/627
generating profiles SR1902605_069
Processed profile #: 531/627
generating profiles SR6903090_127
Processed profile #: 532/627
generating profiles SR1902605_100
Processed profile #: 533/627
generating profiles SR6990528_019
Processed profile #: 534/627
generating profiles SR2903795_100
Processed profile #: 535/627
generating profiles SR6990528_054
Processed profile #: 536/627
generating profiles SR6990528_038
Processed profile #: 537/627
generating profiles SR6903090_067
Processed profile #: 538/627
generating profiles SR3902500_011
Processed profile #: 539/627
generating profiles SR6903090_054
Processed profile #: 540/627
generating profiles SR2903795_035
Processed profile #: 541/627
generating profiles SR3902500_076
Processed profile #: 542/627
generating profiles SD6903765_313
Processed profile #: 543/627
generating profiles SR3902500_089
Processed profile #: 544/627
generating profiles SR2903795_097
Processed profile #: 545/627
generating profiles SD6903068_146
Processed profile #: 546/627
generating profiles SR6903090_026
Processed profile #: 547/627
generating profiles SD6903765_298
Processed profile #: 548/627
generating profiles SR6990528_036
Processed profile #: 549/627
generating profiles SR2903795_087
Processed profile #: 550/627
generating profiles SR6990528_024
Processed profile #: 551/627
generating profiles SR3902500_077
Processed profile #: 552/627
generating profiles SR6990528_043
Processed profile #: 553/627
generating profiles SR1902605_020
Processed profile #: 554/627
generating profiles SR2903795_065
Processed profile #: 555/627
generating profiles SR6990528_058
Processed profile #: 556/627
generating profiles SR6903090_088
Processed profile #: 557/627
generating profiles SR2903795_120
Processed profile #: 558/627
generating profiles SR3902500_082
Processed profile #: 559/627
generating profiles SR6990528_030
Processed profile #: 560/627
generating profiles SR3902500_040
Processed profile #: 561/627
generating profiles SR3902500_054
Processed profile #: 562/627
generating profiles SR6903090_036
Processed profile #: 563/627
generating profiles SR5906990_005
Processed profile #: 564/627
generating profiles SR2903795_047
Processed profile #: 565/627
generating profiles SR2903795_059
Processed profile #: 566/627
generating profiles SR3902500_073
Processed profile #: 567/627
generating profiles SR1902605_050
Processed profile #: 568/627
generating profiles SR6990528_039
Processed profile #: 569/627
generating profiles SR6903090_098
Processed profile #: 570/627
generating profiles SD6903266_444
Processed profile #: 571/627
generating profiles SR3902500_037
Processed profile #: 572/627
generating profiles SR5906990_014
Processed profile #: 573/627
generating profiles SR6903090_024
Processed profile #: 574/627
generating profiles SR6990528_032
Processed profile #: 575/627
generating profiles SR5906990_019
Processed profile #: 576/627
generating profiles SR3902500_025
Processed profile #: 577/627
generating profiles SR6903090_058
Processed profile #: 578/627
generating profiles SR6903090_042
Processed profile #: 579/627
generating profiles SR6903090_120
Processed profile #: 580/627
generating profiles SR3902500_014
Processed profile #: 581/627
generating profiles SR6990528_064
Processed profile #: 582/627
generating profiles SR6903090_043
Processed profile #: 583/627
generating profiles SR6903090_082
Processed profile #: 584/627
generating profiles SR3902500_051
Processed profile #: 585/627
generating profiles SR6903090_032
Processed profile #: 586/627
generating profiles SR1902605_053
Processed profile #: 587/627
generating profiles SR6903090_099
Processed profile #: 588/627
generating profiles SR2903795_061
Processed profile #: 589/627
generating profiles SR3902500_018
Processed profile #: 590/627
generating profiles SD6903765_283
Processed profile #: 591/627
generating profiles SR1902605_063
Processed profile #: 592/627
generating profiles SR5906990_017
Processed profile #: 593/627
generating profiles SD6903765_265
Processed profile #: 594/627
generating profiles SR3902500_070
Processed profile #: 595/627
generating profiles SR3902500_012
Processed profile #: 596/627
generating profiles SD6903765_269
Processed profile #: 597/627
generating profiles SR1902605_048
Processed profile #: 598/627
generating profiles SR6903090_034
Processed profile #: 599/627
generating profiles SR6903090_105
Processed profile #: 600/627
generating profiles SR6903090_039
Processed profile #: 601/627
generating profiles SR3902500_057
Processed profile #: 602/627
generating profiles SR3902500_068
Processed profile #: 603/627
generating profiles SR2903795_053
Processed profile #: 604/627
generating profiles SR1902605_029
Processed profile #: 605/627
generating profiles SR1902605_092
Processed profile #: 606/627
generating profiles SR1902605_015
Processed profile #: 607/627
generating profiles SR2903795_037
Processed profile #: 608/627
generating profiles SR1902605_093
Processed profile #: 609/627
generating profiles SD6903765_284
Processed profile #: 610/627
generating profiles SR2903795_032
Processed profile #: 611/627
generating profiles SR1902605_079
Processed profile #: 612/627
generating profiles SD6903822_072
Processed profile #: 613/627
generating profiles SR3902500_072
Processed profile #: 614/627
generating profiles SD6903262_314
Processed profile #: 615/627
generating profiles SR1902605_030
Processed profile #: 616/627
generating profiles SR3902500_039
Processed profile #: 617/627
generating profiles SD6903765_288
Processed profile #: 618/627
generating profiles SR3902500_086
Processed profile #: 619/627
generating profiles SR2903795_096
Processed profile #: 620/627
generating profiles SR6903090_117
Processed profile #: 621/627
generating profiles SR2903795_071
Processed profile #: 622/627
generating profiles SD6903818_238
Processed profile #: 623/627
generating profiles SR5906990_031
Processed profile #: 624/627
generating profiles SR2903795_025
Processed profile #: 625/627
generating profiles SR2903795_066
Processed profile #: 626/627
generating profiles SD6903068_142
Processed profile #: 627/627
Thu Feb 15 17:53:08 CET 2024
